<?xml version="1.0" encoding="UTF-8"?>
<!-- Generated by org.testng.reporters.JUnitReportReporter -->
<testsuite hostname="LAPTOP-SHMB5TAA" failures="0" tests="3" name="com.restassured.tests.addBook" time="10.072" errors="0" timestamp="2021-08-18T12:24:29 IST" skipped="0">
  <testcase classname="com.restassured.tests.addBook" name="addbook" time="9.642"/>
  <system-out/>
  <testcase classname="com.restassured.tests.addBook" name="addbook" time="0.190"/>
  <system-out/>
  <testcase classname="com.restassured.tests.addBook" name="addbook" time="0.240"/>
  <system-out/>
</testsuite> <!-- com.restassured.tests.addBook -->
