<?xml version="1.0" encoding="UTF-8"?>
<!-- Generated by org.testng.reporters.JUnitReportReporter -->
<testsuite hostname="LAPTOP-SHMB5TAA" failures="0" tests="3" name="com.restassured.tests.DynamicJson" time="11.161" errors="0" timestamp="2021-08-18T12:17:24 IST" skipped="0">
  <testcase classname="com.restassured.tests.DynamicJson" name="AddBook" time="9.757"/>
  <system-out/>
  <testcase classname="com.restassured.tests.DynamicJson" name="AddBook" time="0.195"/>
  <system-out/>
  <testcase classname="com.restassured.tests.DynamicJson" name="AddBook" time="1.209"/>
  <system-out/>
</testsuite> <!-- com.restassured.tests.DynamicJson -->
